<?xml version="1.0" encoding="UTF-8"?>
<!-- Generated by org.testng.reporters.JUnitReportReporter -->
<testsuite skipped="0" hostname="Rupendranathred" name="com.jenkinsTest.sampleTest.AutomationTalk" tests="1" failures="0" timestamp="07 Dec 2020 18:06:54 GMT" time="15.222" errors="0">
  <testcase name="test1" time="15.222" classname="com.jenkinsTest.sampleTest.AutomationTalk"/>
</testsuite> <!-- com.jenkinsTest.sampleTest.AutomationTalk -->
